<?xml version="1.0" encoding="UTF-8"?>
<testng-results ignored="0" total="2" passed="2" failed="0" skipped="0">
  <reporter-output>
  </reporter-output>
  <suite started-at="2024-02-29T18:37:25 IST" name="Default suite" finished-at="2024-02-29T18:37:33 IST" duration-ms="7955">
    <groups>
    </groups>
    <test started-at="2024-02-29T18:37:25 IST" name="Default test" finished-at="2024-02-29T18:37:33 IST" duration-ms="7955">
      <class name="com.Facebook.B">
        <test-method signature="setUp()[pri:0, instance:com.Facebook.B@346d61be]" started-at="2024-02-29T18:37:25 IST" name="setUp" finished-at="2024-02-29T18:37:33 IST" duration-ms="7360" status="PASS">
          <reporter-output>
          </reporter-output>
        </test-method> <!-- setUp -->
        <test-method signature="loginn()[pri:1, instance:com.Facebook.B@346d61be]" started-at="2024-02-29T18:37:33 IST" name="loginn" finished-at="2024-02-29T18:37:33 IST" duration-ms="503" status="PASS">
          <reporter-output>
          </reporter-output>
        </test-method> <!-- loginn -->
      </class> <!-- com.Facebook.B -->
    </test> <!-- Default test -->
  </suite> <!-- Default suite -->
</testng-results>
